app/build/outputs/logs/manifest-merger-debug-report.txt
-- Merging decision tree log ---
manifest
ADDED from src\main\AndroidManifest.xml:1:1-41:12
	xmlns:android
		ADDED from src\main\AndroidManifest.xml:1:11-69
	package
		ADDED from src\main\AndroidManifest.xml:2:5-35
		INJECTED from src\main\AndroidManifest.xml
		INJECTED from src\main\AndroidManifest.xml
	android:versionName
		ADDED from src\main\AndroidManifest.xml:4:5-32
	android:versionCode
		ADDED from src\main\AndroidManifest.xml:3:5-28
		INJECTED from src\main\AndroidManifest.xml
		INJECTED from src\main\AndroidManifest.xml
	android:installLocation
		ADDED from src\main\AndroidManifest.xml:5:5-45
uses-sdk
ADDED from src\main\AndroidManifest.xml:7:5-9:41
	android:targetSdkVersion
		ADDED from src\main\AndroidManifest.xml:9:9-38
		INJECTED from src\main\AndroidManifest.xml
		INJECTED from src\main\AndroidManifest.xml
	android:minSdkVersion
		ADDED from src\main\AndroidManifest.xml:8:9-34
		INJECTED from src\main\AndroidManifest.xml
		INJECTED from src\main\AndroidManifest.xml
uses-permission#android.permission.INTERNET
ADDED from src\main\AndroidManifest.xml:11:5-66
	android:name
		ADDED from src\main\AndroidManifest.xml:11:22-64
uses-permission#android.permission.WRITE_EXTERNAL_STORAGE
ADDED from src\main\AndroidManifest.xml:12:5-81
	android:name
		ADDED from src\main\AndroidManifest.xml:12:22-78
uses-permission#android.permission.WAKE_LOCK
ADDED from src\main\AndroidManifest.xml:13:5-68
	android:name
		ADDED from src\main\AndroidManifest.xml:13:22-65
application
ADDED from src\main\AndroidManifest.xml:15:5-39:17
	android:label
		ADDED from src\main\AndroidManifest.xml:18:9-41
	android:allowBackup
		ADDED from src\main\AndroidManifest.xml:16:9-35
	android:icon
		ADDED from src\main\AndroidManifest.xml:17:9-45
	android:theme
		ADDED from src\main\AndroidManifest.xml:19:9-40
activity#com.mindidea.feelfit.MainActivity
ADDED from src\main\AndroidManifest.xml:20:9-27:20
	android:label
		ADDED from src\main\AndroidManifest.xml:22:13-56
	android:name
		ADDED from src\main\AndroidManifest.xml:21:13-41
intent-filter#android.intent.action.MAIN+android.intent.category.LAUNCHER
ADDED from src\main\AndroidManifest.xml:23:13-26:29
action#android.intent.action.MAIN
ADDED from src\main\AndroidManifest.xml:24:17-69
	android:name
		ADDED from src\main\AndroidManifest.xml:24:25-66
category#android.intent.category.LAUNCHER
ADDED from src\main\AndroidManifest.xml:25:17-77
	android:name
		ADDED from src\main\AndroidManifest.xml:25:27-74
activity#com.mindidea.feelfit.inputWeight
ADDED from src\main\AndroidManifest.xml:28:9-57
	android:name
		ADDED from src\main\AndroidManifest.xml:28:19-45
activity#com.mindidea.feelfit.display
ADDED from src\main\AndroidManifest.xml:29:9-53
	android:name
		ADDED from src\main\AndroidManifest.xml:29:19-41
activity#com.mindidea.feelfit.contact
ADDED from src\main\AndroidManifest.xml:30:9-53
	android:name
		ADDED from src\main\AndroidManifest.xml:30:19-41
activity#com.mindidea.feelfit.graph_history
ADDED from src\main\AndroidManifest.xml:31:9-59
	android:name
		ADDED from src\main\AndroidManifest.xml:31:19-47
activity#com.mindidea.feelfit.graph_myGraph
ADDED from src\main\AndroidManifest.xml:32:9-59
	android:name
		ADDED from src\main\AndroidManifest.xml:32:19-47
activity#com.mindidea.feelfit.fbSharedDialog
ADDED from src\main\AndroidManifest.xml:33:9-60
	android:name
		ADDED from src\main\AndroidManifest.xml:33:19-48
activity#com.mindidea.feelfit.comfirm_stop
ADDED from src\main\AndroidManifest.xml:34:9-58
	android:name
		ADDED from src\main\AndroidManifest.xml:34:19-46
activity#com.mindidea.feelfit.NotificationReceiver
ADDED from src\main\AndroidManifest.xml:35:9-66
	android:name
		ADDED from src\main\AndroidManifest.xml:35:19-54
activity#com.mindidea.feelfit.TestConnect
ADDED from src\main\AndroidManifest.xml:37:9-57
	android:name
		ADDED from src\main\AndroidManifest.xml:37:19-45
activity#com.mindidea.feelfit.TestPost
ADDED from src\main\AndroidManifest.xml:38:9-54
	android:name
		ADDED from src\main\AndroidManifest.xml:38:19-42